<?xml version="1.0" encoding="UTF-8"?>
<!-- Generated by org.testng.reporters.JUnitXMLReporter -->
<testsuite hostname="Hari-VAIO" name="DatabasesBrowseTest Test" tests="1" failures="1" timestamp="23 Nov 2014 20:31:14 GMT" time="28.005" errors="0">
  <testcase name="databasesbrowseTest" time="28.001" classname="tests.DatabasesBrowseTest">
    <failure type="java.lang.NullPointerException">
      <![CDATA[java.lang.NullPointerException
	at tests.DatabasesBrowseTest.databasesbrowseTest(DatabasesBrowseTest.java:31)
... Removed 24 stack frames]]>
    </failure>
  </testcase> <!-- databasesbrowseTest -->
</testsuite> <!-- DatabasesBrowseTest Test -->
